<?xml version="1.0" encoding="UTF-8"?>
<!-- Generated by org.testng.reporters.JUnitXMLReporter -->
<testsuite hostname="Roar.local" failures="0" tests="4" name="Test" time="40.807" errors="0" timestamp="25 Feb 2019 17:19:07 GMT">
  <testcase classname="com.academy.app.validateNavbarTest" name="validateNavBar" time="0.182"/>
  <testcase classname="com.academy.app.HomePageTest" name="basePageNavigation" time="6.696"/>
  <testcase classname="com.academy.app.HomePageTest" name="basePageNavigation" time="5.857"/>
  <testcase classname="com.academy.app.validateTitleTest" name="basePageNavigation" time="0.063"/>
</testsuite> <!-- Test -->
