<?xml version="1.0" encoding="UTF-8"?>
<testsuite xmlns:xsi="http://www.w3.org/2001/XMLSchema-instance" xsi:noNamespaceSchemaLocation="https://maven.apache.org/surefire/maven-surefire-plugin/xsd/surefire-test-report-3.0.xsd" version="3.0" name="TestSuite" time="37.723" tests="4" errors="0" skipped="0" failures="1">
  <properties>
[...]
</properties>
  <testcase name="validateNavBar" classname="com.academy.app.validateNavbarTest" time="1.015">
    <failure message="expected [false] but found [true]" type="java.lang.AssertionError">java.lang.AssertionError: expected [false] but found [true]
	at com.academy.app.validateNavbarTest.validateNavBar(validateNavbarTest.java:27)
</failure>
    <system-out><![CDATA[2019-02-26 18:29:10.500 INFO [main] [com.academy.app.validateNavbarTest] [setUp] [com.academy.app.validateNavbarTest.setUp(validateNavbarTest.java:18)] - Driver is initialized
2019-02-26 18:29:13.930 INFO [main] [com.academy.app.validateNavbarTest] [setUp] [com.academy.app.validateNavbarTest.setUp(validateNavbarTest.java:20)] - Navigated to home page
2019-02-26 18:29:14.951 INFO [main] [com.academy.app.Base] [getScreenshot] [com.academy.app.Base.getScreenshot(Base.java:60)] - taken screenshot
2019-02-26 18:29:14.971 INFO [main] [com.academy.app.Base] [getScreenshot] [com.academy.app.Base.getScreenshot(Base.java:62)] - written it to: /Users/Yes/Desktop/Mixed
]]></system-out>
    <system-err><![CDATA[Starting ChromeDriver 2.45.615355 (d5698f682d8b2742017df6c81e0bd8e6a3063189) on port 36842
Only local connections are allowed.
Feb 26, 2019 6:29:10 PM org.openqa.selenium.remote.ProtocolHandshake createSession
INFO: Detected dialect: OSS
]]></system-err>
  </testcase>
  <testcase name="validateEmail" classname="com.academy.app.HomePageTest" time="5.221"/>
  <testcase name="validateEmail" classname="com.academy.app.HomePageTest" time="5.2"/>
  <testcase name="validatePageTitle" classname="com.academy.app.validateTitleTest" time="0.044"/>
</testsuite>