-------------------------------------------------------------------------------
Test set: TestSuite
-------------------------------------------------------------------------------
Tests run: 4, Failures: 1, Errors: 0, Skipped: 0, Time elapsed: 37.723 s <<< FAILURE! - in TestSuite
validateNavBar(com.academy.app.validateNavbarTest)  Time elapsed: 1.015 s  <<< FAILURE!
java.lang.AssertionError: expected [false] but found [true]
	at com.academy.app.validateNavbarTest.validateNavBar(validateNavbarTest.java:27)

